Copyright 1986-2020 Xilinx, Inc. All Rights Reserved.
-----------------------------------------------------------------------------------------
| Tool Version : Vivado v.2020.2 (win64) Build 3064766 Wed Nov 18 09:12:45 MST 2020
| Date         : Tue May 26 11:20:21 2026
| Host         : Taha running 64-bit major release  (build 9200)
| Command      : report_control_sets -verbose -file ray_unit_top_control_sets_placed.rpt
| Design       : ray_unit_top
| Device       : xc7a100t
-----------------------------------------------------------------------------------------

Control Set Information

Table of Contents
-----------------
1. Summary
2. Histogram
3. Flip-Flop Distribution
4. Detailed Control Set Information

1. Summary
----------

+----------------------------------------------------------+-------+
|                          Status                          | Count |
+----------------------------------------------------------+-------+
| Total control sets                                       |     6 |
|    Minimum number of control sets                        |     6 |
|    Addition due to synthesis replication                 |     0 |
|    Addition due to physical synthesis replication        |     0 |
| Unused register locations in slices containing registers |    13 |
+----------------------------------------------------------+-------+
* Control sets can be merged at opt_design using control_set_merge or merge_equivalent_drivers
** Run report_qor_suggestions for automated merging and remapping suggestions


2. Histogram
------------

+--------------------+-------+
|       Fanout       | Count |
+--------------------+-------+
| Total control sets |     6 |
| >= 0 to < 4        |     0 |
| >= 4 to < 6        |     0 |
| >= 6 to < 8        |     0 |
| >= 8 to < 10       |     2 |
| >= 10 to < 12      |     0 |
| >= 12 to < 14      |     0 |
| >= 14 to < 16      |     1 |
| >= 16              |     3 |
+--------------------+-------+
* Control sets can be remapped at either synth_design or opt_design


3. Flip-Flop Distribution
-------------------------

+--------------+-----------------------+------------------------+-----------------+--------------+
| Clock Enable | Synchronous Set/Reset | Asynchronous Set/Reset | Total Registers | Total Slices |
+--------------+-----------------------+------------------------+-----------------+--------------+
| No           | No                    | No                     |              61 |           37 |
| No           | No                    | Yes                    |               0 |            0 |
| No           | Yes                   | No                     |              87 |           17 |
| Yes          | No                    | No                     |            1895 |          413 |
| Yes          | No                    | Yes                    |               0 |            0 |
| Yes          | Yes                   | No                     |              32 |           11 |
+--------------+-----------------------+------------------------+-----------------+--------------+


4. Detailed Control Set Information
-----------------------------------

+----------------+---------------------------+-----------------------------------------------+------------------+----------------+--------------+
|  Clock Signal  |       Enable Signal       |                Set/Reset Signal               | Slice Load Count | Bel Load Count | Bels / Slice |
+----------------+---------------------------+-----------------------------------------------+------------------+----------------+--------------+
|  clk_IBUF_BUFG | rst_n_IBUF                | u_ray_unit/u_shader/fog_u8_s2_0               |                1 |              8 |         8.00 |
|  clk_IBUF_BUFG | u_ray_unit/u_ray_gen/E[0] | u_ray_unit/u_marcher/g_march[14].u_step/rst_n |                2 |              9 |         4.50 |
|  clk_IBUF_BUFG | rst_n_IBUF                | u_ray_unit/u_shader/r_out0_in[7]              |                8 |             15 |         1.88 |
|  clk_IBUF_BUFG |                           | u_ray_unit/u_marcher/g_march[14].u_step/rst_n |               17 |             87 |         5.12 |
|  clk_IBUF_BUFG |                           |                                               |               56 |            118 |         2.11 |
|  clk_IBUF_BUFG | rst_n_IBUF                |                                               |              413 |           2791 |         6.76 |
+----------------+---------------------------+-----------------------------------------------+------------------+----------------+--------------+


